2023-07-24 16:06:46,666 - word_logger - ERROR - ERROR: File not found - ampple
2023-07-24 16:07:42,164 - word_logger - ERROR - ERROR: File not found - vamsi.log
2023-07-24 16:07:57,415 - word_logger - ERROR - ERROR: File not found - 1.py
2023-07-24 16:11:01,103 - word_logger - ERROR - ERROR: File not found - story.txt
2023-07-24 16:12:59,033 - word_logger - INFO - INFO: bsvwszemtuytju
2023-07-24 16:13:32,644 - word_logger - ERROR - ERROR: File not found - vad.txt
2023-07-24 16:15:21,821 - word_logger - INFO - INFO: Create
2023-07-24 16:15:21,821 - word_logger - CRITICAL - CRITICAL: a
2023-07-24 16:15:21,821 - word_logger - CRITICAL - CRITICAL: log
2023-07-24 16:15:21,821 - word_logger - INFO - INFO: file
2023-07-24 16:15:21,821 - word_logger - INFO - INFO: using
2023-07-24 16:15:21,821 - word_logger - INFO - INFO: logger
2023-07-24 16:15:21,821 - word_logger - INFO - INFO: module.
2023-07-24 16:15:21,821 - word_logger - INFO - INFO: Write
2023-07-24 16:15:21,821 - word_logger - CRITICAL - CRITICAL: a
2023-07-24 16:15:21,821 - word_logger - INFO - INFO: function
2023-07-24 16:15:21,822 - word_logger - INFO - INFO: display_words()
2023-07-24 16:15:21,822 - word_logger - CRITICAL - CRITICAL: in
2023-07-24 16:15:21,822 - word_logger - INFO - INFO: python
2023-07-24 16:15:21,822 - word_logger - CRITICAL - CRITICAL: to
2023-07-24 16:15:21,822 - word_logger - INFO - INFO: read
2023-07-24 16:15:21,822 - word_logger - INFO - INFO: lines
2023-07-24 16:15:21,822 - word_logger - INFO - INFO: from
2023-07-24 16:15:21,822 - word_logger - CRITICAL - CRITICAL: a
2023-07-24 16:15:21,822 - word_logger - INFO - INFO: text
2023-07-24 16:15:21,822 - word_logger - INFO - INFO: file
2023-07-24 16:15:21,823 - word_logger - INFO - INFO: "story.txt"
2023-07-24 16:15:21,823 - word_logger - INFO - INFO: (take
2023-07-24 16:15:21,823 - word_logger - CRITICAL - CRITICAL: the
2023-07-24 16:15:21,823 - word_logger - INFO - INFO: file
2023-07-24 16:15:21,823 - word_logger - INFO - INFO: name
2023-07-24 16:15:21,823 - word_logger - INFO - INFO: from
2023-07-24 16:15:21,823 - word_logger - INFO - INFO: user),
2023-07-24 16:15:21,823 - word_logger - CRITICAL - CRITICAL: and
2023-07-24 16:15:21,823 - word_logger - INFO - INFO: display
2023-07-24 16:15:21,823 - word_logger - INFO - INFO: those
2023-07-24 16:15:21,823 - word_logger - INFO - INFO: words
2023-07-24 16:15:21,823 - word_logger - CRITICAL - CRITICAL: in
2023-07-24 16:15:21,823 - word_logger - INFO - INFO: INFO
2023-07-24 16:15:21,823 - word_logger - INFO - INFO: level
2023-07-24 16:15:21,823 - word_logger - INFO - INFO: log,
2023-07-24 16:15:21,823 - word_logger - CRITICAL - CRITICAL: for
2023-07-24 16:15:21,824 - word_logger - INFO - INFO: those
2023-07-24 16:15:21,824 - word_logger - INFO - INFO: words
2023-07-24 16:15:21,824 - word_logger - INFO - INFO: which
2023-07-24 16:15:21,824 - word_logger - CRITICAL - CRITICAL: are
2023-07-24 16:15:21,824 - word_logger - INFO - INFO: less
2023-07-24 16:15:21,824 - word_logger - INFO - INFO: than
2023-07-24 16:15:21,824 - word_logger - CRITICAL - CRITICAL: 4
2023-07-24 16:15:21,824 - word_logger - INFO - INFO: characters
2023-07-24 16:15:21,824 - word_logger - INFO - INFO: needs
2023-07-24 16:15:21,824 - word_logger - CRITICAL - CRITICAL: to
2023-07-24 16:15:21,824 - word_logger - CRITICAL - CRITICAL: be
2023-07-24 16:15:21,824 - word_logger - INFO - INFO: logged
2023-07-24 16:15:21,824 - word_logger - CRITICAL - CRITICAL: as
2023-07-24 16:15:21,825 - word_logger - CRITICAL - CRITICAL: in
2023-07-24 16:15:21,825 - word_logger - INFO - INFO: CRITICAL
2023-07-24 16:15:21,825 - word_logger - INFO - INFO: level
2023-07-24 16:15:21,825 - word_logger - INFO - INFO: log.
2023-07-24 16:15:21,825 - word_logger - CRITICAL - CRITICAL: If
2023-07-24 16:15:21,825 - word_logger - INFO - INFO: user
2023-07-24 16:15:21,825 - word_logger - INFO - INFO: enter
2023-07-24 16:15:21,825 - word_logger - CRITICAL - CRITICAL: the
2023-07-24 16:15:21,825 - word_logger - INFO - INFO: wrong
2023-07-24 16:15:21,825 - word_logger - INFO - INFO: file
2023-07-24 16:15:21,825 - word_logger - INFO - INFO: name
2023-07-24 16:15:21,825 - word_logger - CRITICAL - CRITICAL: in
2023-07-24 16:15:21,825 - word_logger - INFO - INFO: input
2023-07-24 16:15:21,825 - word_logger - INFO - INFO: then
2023-07-24 16:15:21,825 - word_logger - INFO - INFO: raise
2023-07-24 16:15:21,825 - word_logger - INFO - INFO: ERROR
2023-07-24 16:15:21,825 - word_logger - CRITICAL - CRITICAL: in
2023-07-24 16:15:21,826 - word_logger - CRITICAL - CRITICAL: log
2023-07-24 16:15:21,826 - word_logger - INFO - INFO: file
